<?xml version="1.0" ?>
<!DOCTYPE coverage SYSTEM "http://cobertura.sourceforge.net/xml/coverage-04.dtd">
<coverage lines-valid="313" lines-covered="302" line-rate="0.9648" branches-valid="131" branches-covered="115" branch-rate="0.8778" timestamp="1772305514508" complexity="0" version="0.1">
  <sources>
    <source>E:\portfolio\Feb2026\projectPulseFeb2026\frontend</source>
  </sources>
  <packages>
    <package name="app" line-rate="1" branch-rate="1">
      <classes>
        <class name="not-found.component.ts" filename="src\app\not-found.component.ts" line-rate="1" branch-rate="1">
          <methods>
          </methods>
          <lines>
            <line number="8" hits="1" branch="false"/>
          </lines>
        </class>
      </classes>
    </package>
    <package name="app.auth" line-rate="1" branch-rate="1">
      <classes>
        <class name="auth.guard.ts" filename="src\app\auth\auth.guard.ts" line-rate="1" branch-rate="1">
          <methods>
            <method name="(anonymous_0)" hits="5" signature="()V">
              <lines>
                <line number="7" hits="5"/>
              </lines>
            </method>
            <method name="(anonymous_1)" hits="3" signature="()V">
              <lines>
                <line number="9" hits="3"/>
              </lines>
            </method>
            <method name="(anonymous_2)" hits="2" signature="()V">
              <lines>
                <line number="12" hits="2"/>
              </lines>
            </method>
            <method name="(anonymous_3)" hits="2" signature="()V">
              <lines>
                <line number="16" hits="2"/>
              </lines>
            </method>
          </methods>
          <lines>
            <line number="6" hits="1" branch="false"/>
            <line number="7" hits="5" branch="false"/>
            <line number="10" hits="3" branch="true" condition-coverage="100% (1/1)"/>
            <line number="11" hits="2" branch="false"/>
            <line number="12" hits="2" branch="false"/>
            <line number="13" hits="2" branch="false"/>
            <line number="17" hits="2" branch="true" condition-coverage="100% (1/1)"/>
            <line number="18" hits="1" branch="false"/>
            <line number="19" hits="1" branch="false"/>
          </lines>
        </class>
        <class name="system-admin.guard.ts" filename="src\app\auth\system-admin.guard.ts" line-rate="1" branch-rate="1">
          <methods>
            <method name="(anonymous_0)" hits="4" signature="()V">
              <lines>
                <line number="7" hits="4"/>
              </lines>
            </method>
            <method name="(anonymous_1)" hits="2" signature="()V">
              <lines>
                <line number="9" hits="2"/>
              </lines>
            </method>
            <method name="(anonymous_2)" hits="2" signature="()V">
              <lines>
                <line number="14" hits="2"/>
              </lines>
            </method>
          </methods>
          <lines>
            <line number="6" hits="1" branch="false"/>
            <line number="7" hits="4" branch="false"/>
            <line number="10" hits="2" branch="true" condition-coverage="100% (1/1)"/>
            <line number="11" hits="1" branch="false"/>
            <line number="15" hits="2" branch="true" condition-coverage="100% (1/1)"/>
            <line number="16" hits="1" branch="false"/>
          </lines>
        </class>
      </classes>
    </package>
    <package name="app.core" line-rate="0.9319" branch-rate="0.8665999999999999">
      <classes>
        <class name="accessibility.service.ts" filename="src\app\core\accessibility.service.ts" line-rate="0.9375" branch-rate="0.8421">
          <methods>
            <method name="(anonymous_0)" hits="33" signature="()V">
              <lines>
                <line number="19" hits="33"/>
              </lines>
            </method>
            <method name="(anonymous_1)" hits="67" signature="()V">
              <lines>
                <line number="23" hits="67"/>
              </lines>
            </method>
            <method name="(anonymous_2)" hits="33" signature="()V">
              <lines>
                <line number="32" hits="33"/>
              </lines>
            </method>
            <method name="(anonymous_3)" hits="5" signature="()V">
              <lines>
                <line number="52" hits="5"/>
              </lines>
            </method>
            <method name="(anonymous_4)" hits="5" signature="()V">
              <lines>
                <line number="58" hits="5"/>
              </lines>
            </method>
            <method name="(anonymous_5)" hits="6" signature="()V">
              <lines>
                <line number="69" hits="6"/>
              </lines>
            </method>
            <method name="(anonymous_6)" hits="2" signature="()V">
              <lines>
                <line number="90" hits="2"/>
              </lines>
            </method>
            <method name="(anonymous_7)" hits="4" signature="()V">
              <lines>
                <line number="92" hits="4"/>
              </lines>
            </method>
            <method name="(anonymous_8)" hits="1" signature="()V">
              <lines>
                <line number="99" hits="1"/>
              </lines>
            </method>
            <method name="(anonymous_9)" hits="1" signature="()V">
              <lines>
                <line number="104" hits="1"/>
              </lines>
            </method>
            <method name="(anonymous_10)" hits="1" signature="()V">
              <lines>
                <line number="123" hits="1"/>
              </lines>
            </method>
            <method name="(anonymous_11)" hits="10" signature="()V">
              <lines>
                <line number="130" hits="10"/>
              </lines>
            </method>
            <method name="(anonymous_12)" hits="24" signature="()V">
              <lines>
                <line number="155" hits="24"/>
              </lines>
            </method>
            <method name="(anonymous_13)" hits="3" signature="()V">
              <lines>
                <line number="167" hits="3"/>
              </lines>
            </method>
            <method name="(anonymous_14)" hits="4" signature="()V">
              <lines>
                <line number="178" hits="4"/>
              </lines>
            </method>
            <method name="(anonymous_15)" hits="6" signature="()V">
              <lines>
                <line number="186" hits="6"/>
              </lines>
            </method>
            <method name="(anonymous_16)" hits="3" signature="()V">
              <lines>
                <line number="194" hits="3"/>
              </lines>
            </method>
          </methods>
          <lines>
            <line number="15" hits="1" branch="false"/>
            <line number="16" hits="33" branch="false"/>
            <line number="17" hits="33" branch="false"/>
            <line number="19" hits="33" branch="false"/>
            <line number="20" hits="33" branch="false"/>
            <line number="24" hits="67" branch="true" condition-coverage="100% (3/3)"/>
            <line number="25" hits="32" branch="false"/>
            <line number="33" hits="33" branch="true" condition-coverage="100% (1/1)"/>
            <line number="34" hits="1" branch="false"/>
            <line number="35" hits="1" branch="false"/>
            <line number="38" hits="32" branch="false"/>
            <line number="39" hits="32" branch="false"/>
            <line number="40" hits="32" branch="false"/>
            <line number="41" hits="32" branch="false"/>
            <line number="42" hits="32" branch="false"/>
            <line number="43" hits="32" branch="false"/>
            <line number="44" hits="32" branch="false"/>
            <line number="53" hits="5" branch="true" condition-coverage="0% (0/1)"/>
            <line number="55" hits="5" branch="false"/>
            <line number="57" hits="5" branch="false"/>
            <line number="58" hits="5" branch="false"/>
            <line number="59" hits="5" branch="true" condition-coverage="100% (1/1)"/>
            <line number="60" hits="5" branch="false"/>
            <line number="70" hits="6" branch="false"/>
            <line number="72" hits="6" branch="true" condition-coverage="100% (2/2)"/>
            <line number="73" hits="2" branch="false"/>
            <line number="75" hits="4" branch="false"/>
            <line number="78" hits="6" branch="true" condition-coverage="100% (1/1)"/>
            <line number="80" hits="5" branch="true" condition-coverage="100% (1/1)"/>
            <line number="81" hits="5" branch="false"/>
            <line number="83" hits="5" branch="false"/>
            <line number="91" hits="2" branch="false"/>
            <line number="92" hits="4" branch="false"/>
            <line number="100" hits="1" branch="false"/>
            <line number="101" hits="1" branch="false"/>
            <line number="102" hits="1" branch="false"/>
            <line number="104" hits="1" branch="false"/>
            <line number="105" hits="1" branch="true" condition-coverage="0% (0/1)"/>
            <line number="107" hits="1" branch="true" condition-coverage="50% (1/2)"/>
            <line number="108" hits="0" branch="true" condition-coverage="0% (0/1)"/>
            <line number="109" hits="0" branch="false"/>
            <line number="110" hits="0" branch="false"/>
            <line number="113" hits="1" branch="true" condition-coverage="0% (0/1)"/>
            <line number="114" hits="0" branch="false"/>
            <line number="115" hits="0" branch="false"/>
            <line number="120" hits="1" branch="false"/>
            <line number="121" hits="1" branch="false"/>
            <line number="123" hits="1" branch="false"/>
            <line number="131" hits="10" branch="false"/>
            <line number="133" hits="10" branch="true" condition-coverage="100% (6/6)"/>
            <line number="136" hits="4" branch="false"/>
            <line number="137" hits="4" branch="false"/>
            <line number="138" hits="4" branch="false"/>
            <line number="141" hits="3" branch="false"/>
            <line number="142" hits="3" branch="true" condition-coverage="100% (2/2)"/>
            <line number="143" hits="3" branch="false"/>
            <line number="145" hits="1" branch="false"/>
            <line number="146" hits="1" branch="false"/>
            <line number="147" hits="1" branch="false"/>
            <line number="149" hits="1" branch="false"/>
            <line number="150" hits="1" branch="false"/>
            <line number="151" hits="1" branch="false"/>
            <line number="154" hits="10" branch="true" condition-coverage="100% (3/3)"/>
            <line number="155" hits="8" branch="false"/>
            <line number="156" hits="24" branch="true" condition-coverage="100% (2/2)"/>
            <line number="158" hits="8" branch="false"/>
            <line number="161" hits="10" branch="false"/>
            <line number="168" hits="3" branch="false"/>
            <line number="169" hits="3" branch="true" condition-coverage="100% (1/1)"/>
            <line number="170" hits="2" branch="false"/>
            <line number="171" hits="2" branch="false"/>
            <line number="179" hits="4" branch="true" condition-coverage="66.66666666666666% (2/3)"/>
            <line number="187" hits="6" branch="true" condition-coverage="100% (1/1)"/>
            <line number="188" hits="5" branch="false"/>
            <line number="190" hits="6" branch="true" condition-coverage="100% (1/1)"/>
            <line number="191" hits="5" branch="false"/>
            <line number="194" hits="6" branch="false"/>
            <line number="195" hits="3" branch="true" condition-coverage="100% (3/3)"/>
            <line number="196" hits="2" branch="false"/>
            <line number="197" hits="2" branch="false"/>
          </lines>
        </class>
        <class name="api.config.ts" filename="src\app\core\api.config.ts" line-rate="0.75" branch-rate="0.6666">
          <methods>
            <method name="(anonymous_0)" hits="1" signature="()V">
              <lines>
                <line number="8" hits="1"/>
              </lines>
            </method>
          </methods>
          <lines>
            <line number="6" hits="1" branch="false"/>
            <line number="9" hits="1" branch="true" condition-coverage="100% (1/1)"/>
            <line number="11" hits="1" branch="false"/>
            <line number="12" hits="1" branch="true" condition-coverage="0% (0/1)"/>
            <line number="15" hits="1" branch="true" condition-coverage="75% (3/4)"/>
            <line number="16" hits="0" branch="false"/>
            <line number="20" hits="1" branch="false"/>
            <line number="22" hits="0" branch="false"/>
          </lines>
        </class>
        <class name="auth.interceptor.ts" filename="src\app\core\auth.interceptor.ts" line-rate="1" branch-rate="1">
          <methods>
            <method name="(anonymous_0)" hits="8" signature="()V">
              <lines>
                <line number="31" hits="8"/>
              </lines>
            </method>
            <method name="(anonymous_1)" hits="8" signature="()V">
              <lines>
                <line number="33" hits="8"/>
              </lines>
            </method>
            <method name="(anonymous_2)" hits="7" signature="()V">
              <lines>
                <line number="35" hits="7"/>
              </lines>
            </method>
            <method name="(anonymous_3)" hits="1" signature="()V">
              <lines>
                <line number="58" hits="1"/>
              </lines>
            </method>
            <method name="(anonymous_4)" hits="7" signature="()V">
              <lines>
                <line number="63" hits="7"/>
              </lines>
            </method>
          </methods>
          <lines>
            <line number="28" hits="1" branch="false"/>
            <line number="29" hits="8" branch="false"/>
            <line number="31" hits="8" branch="false"/>
            <line number="34" hits="8" branch="false"/>
            <line number="36" hits="7" branch="true" condition-coverage="100% (1/1)"/>
            <line number="40" hits="2" branch="false"/>
            <line number="41" hits="2" branch="true" condition-coverage="100% (1/1)"/>
            <line number="42" hits="1" branch="false"/>
            <line number="50" hits="7" branch="true" condition-coverage="100% (1/1)"/>
            <line number="56" hits="1" branch="false"/>
            <line number="57" hits="1" branch="false"/>
            <line number="58" hits="1" branch="false"/>
            <line number="59" hits="1" branch="false"/>
            <line number="63" hits="7" branch="false"/>
          </lines>
        </class>
        <class name="demo-auth.service.ts" filename="src\app\core\demo-auth.service.ts" line-rate="1" branch-rate="1">
          <methods>
            <method name="(anonymous_0)" hits="14" signature="()V">
              <lines>
                <line number="5" hits="14"/>
              </lines>
            </method>
            <method name="(anonymous_1)" hits="4" signature="()V">
              <lines>
                <line number="10" hits="4"/>
              </lines>
            </method>
            <method name="(anonymous_2)" hits="5" signature="()V">
              <lines>
                <line number="16" hits="5"/>
              </lines>
            </method>
            <method name="(anonymous_3)" hits="1" signature="()V">
              <lines>
                <line number="20" hits="1"/>
              </lines>
            </method>
            <method name="(anonymous_4)" hits="7" signature="()V">
              <lines>
                <line number="26" hits="7"/>
              </lines>
            </method>
            <method name="(anonymous_5)" hits="19" signature="()V">
              <lines>
                <line number="32" hits="19"/>
              </lines>
            </method>
            <method name="(anonymous_6)" hits="9" signature="()V">
              <lines>
                <line number="46" hits="9"/>
              </lines>
            </method>
          </methods>
          <lines>
            <line number="5" hits="1" branch="false"/>
            <line number="6" hits="14" branch="false"/>
            <line number="7" hits="14" branch="false"/>
            <line number="8" hits="14" branch="false"/>
            <line number="10" hits="4" branch="false"/>
            <line number="17" hits="5" branch="false"/>
            <line number="20" hits="1" branch="false"/>
            <line number="27" hits="7" branch="false"/>
            <line number="28" hits="7" branch="true" condition-coverage="100% (1/1)"/>
            <line number="29" hits="6" branch="false"/>
            <line number="33" hits="19" branch="false"/>
            <line number="34" hits="19" branch="true" condition-coverage="100% (1/1)"/>
            <line number="35" hits="3" branch="true" condition-coverage="100% (1/1)"/>
            <line number="36" hits="2" branch="false"/>
            <line number="37" hits="2" branch="false"/>
            <line number="39" hits="1" branch="false"/>
            <line number="47" hits="9" branch="false"/>
            <line number="48" hits="9" branch="false"/>
            <line number="49" hits="9" branch="true" condition-coverage="100% (1/1)"/>
            <line number="50" hits="8" branch="false"/>
            <line number="51" hits="7" branch="true" condition-coverage="100% (1/1)"/>
            <line number="52" hits="6" branch="false"/>
            <line number="53" hits="6" branch="false"/>
            <line number="55" hits="1" branch="false"/>
          </lines>
        </class>
        <class name="iso8601.interceptor.ts" filename="src\app\core\iso8601.interceptor.ts" line-rate="0.8571" branch-rate="0.8823000000000001">
          <methods>
            <method name="(anonymous_0)" hits="7" signature="()V">
              <lines>
                <line number="19" hits="7"/>
              </lines>
            </method>
            <method name="(anonymous_1)" hits="8" signature="()V">
              <lines>
                <line number="27" hits="8"/>
              </lines>
            </method>
            <method name="(anonymous_2)" hits="1" signature="()V">
              <lines>
                <line number="37" hits="1"/>
              </lines>
            </method>
          </methods>
          <lines>
            <line number="18" hits="1" branch="false"/>
            <line number="20" hits="7" branch="true" condition-coverage="100% (4/4)"/>
            <line number="21" hits="5" branch="false"/>
            <line number="22" hits="5" branch="false"/>
            <line number="24" hits="2" branch="false"/>
            <line number="28" hits="8" branch="true" condition-coverage="66.66666666666666% (2/3)"/>
            <line number="29" hits="0" branch="false"/>
            <line number="32" hits="8" branch="true" condition-coverage="0% (0/1)"/>
            <line number="33" hits="0" branch="false"/>
            <line number="36" hits="8" branch="true" condition-coverage="100% (1/1)"/>
            <line number="37" hits="1" branch="false"/>
            <line number="40" hits="7" branch="true" condition-coverage="100% (1/1)"/>
            <line number="41" hits="7" branch="false"/>
            <line number="42" hits="7" branch="false"/>
            <line number="43" hits="9" branch="true" condition-coverage="100% (2/2)"/>
            <line number="44" hits="3" branch="false"/>
            <line number="45" hits="6" branch="true" condition-coverage="100% (5/5)"/>
            <line number="46" hits="2" branch="false"/>
            <line number="48" hits="4" branch="false"/>
            <line number="51" hits="7" branch="false"/>
            <line number="54" hits="0" branch="false"/>
          </lines>
        </class>
      </classes>
    </package>
    <package name="app.core.services" line-rate="1" branch-rate="0.8095">
      <classes>
        <class name="domain-color.service.ts" filename="src\app\core\services\domain-color.service.ts" line-rate="1" branch-rate="1">
          <methods>
            <method name="(anonymous_0)" hits="24" signature="()V">
              <lines>
                <line number="159" hits="24"/>
              </lines>
            </method>
            <method name="(anonymous_1)" hits="2" signature="()V">
              <lines>
                <line number="164" hits="2"/>
              </lines>
            </method>
            <method name="(anonymous_2)" hits="2" signature="()V">
              <lines>
                <line number="168" hits="2"/>
              </lines>
            </method>
            <method name="(anonymous_3)" hits="2" signature="()V">
              <lines>
                <line number="172" hits="2"/>
              </lines>
            </method>
            <method name="(anonymous_4)" hits="2" signature="()V">
              <lines>
                <line number="176" hits="2"/>
              </lines>
            </method>
            <method name="(anonymous_5)" hits="2" signature="()V">
              <lines>
                <line number="180" hits="2"/>
              </lines>
            </method>
            <method name="(anonymous_6)" hits="2" signature="()V">
              <lines>
                <line number="184" hits="2"/>
              </lines>
            </method>
            <method name="(anonymous_7)" hits="2" signature="()V">
              <lines>
                <line number="188" hits="2"/>
              </lines>
            </method>
          </methods>
          <lines>
            <line number="32" hits="1" branch="false"/>
            <line number="140" hits="1" branch="false"/>
            <line number="157" hits="1" branch="false"/>
            <line number="160" hits="24" branch="true" condition-coverage="100% (1/1)"/>
            <line number="161" hits="15" branch="true" condition-coverage="100% (2/2)"/>
            <line number="165" hits="2" branch="false"/>
            <line number="169" hits="2" branch="false"/>
            <line number="173" hits="2" branch="false"/>
            <line number="177" hits="2" branch="false"/>
            <line number="181" hits="2" branch="false"/>
            <line number="185" hits="2" branch="false"/>
            <line number="189" hits="2" branch="false"/>
          </lines>
        </class>
        <class name="feedback.service.ts" filename="src\app\core\services\feedback.service.ts" line-rate="1" branch-rate="1">
          <methods>
            <method name="(anonymous_0)" hits="2" signature="()V">
              <lines>
                <line number="13" hits="2"/>
              </lines>
            </method>
            <method name="(anonymous_1)" hits="2" signature="()V">
              <lines>
                <line number="19" hits="2"/>
              </lines>
            </method>
            <method name="(anonymous_2)" hits="2" signature="()V">
              <lines>
                <line number="24" hits="2"/>
              </lines>
            </method>
          </methods>
          <lines>
            <line number="12" hits="1" branch="false"/>
            <line number="14" hits="2" branch="false"/>
            <line number="15" hits="2" branch="false"/>
            <line number="16" hits="2" branch="false"/>
            <line number="20" hits="2" branch="false"/>
            <line number="21" hits="2" branch="true" condition-coverage="100% (2/2)"/>
            <line number="25" hits="2" branch="false"/>
          </lines>
        </class>
        <class name="tenant.service.ts" filename="src\app\core\services\tenant.service.ts" line-rate="1" branch-rate="0.7857">
          <methods>
            <method name="(anonymous_0)" hits="27" signature="()V">
              <lines>
                <line number="34" hits="27"/>
              </lines>
            </method>
            <method name="(anonymous_1)" hits="3" signature="()V">
              <lines>
                <line number="40" hits="3"/>
              </lines>
            </method>
            <method name="(anonymous_2)" hits="2" signature="()V">
              <lines>
                <line number="42" hits="2"/>
              </lines>
            </method>
            <method name="(anonymous_3)" hits="1" signature="()V">
              <lines>
                <line number="43" hits="1"/>
              </lines>
            </method>
            <method name="(anonymous_4)" hits="2" signature="()V">
              <lines>
                <line number="50" hits="2"/>
              </lines>
            </method>
            <method name="(anonymous_5)" hits="1" signature="()V">
              <lines>
                <line number="52" hits="1"/>
              </lines>
            </method>
            <method name="(anonymous_6)" hits="1" signature="()V">
              <lines>
                <line number="53" hits="1"/>
              </lines>
            </method>
            <method name="(anonymous_7)" hits="1" signature="()V">
              <lines>
                <line number="60" hits="1"/>
              </lines>
            </method>
            <method name="(anonymous_8)" hits="1" signature="()V">
              <lines>
                <line number="62" hits="1"/>
              </lines>
            </method>
            <method name="(anonymous_9)" hits="3" signature="()V">
              <lines>
                <line number="66" hits="3"/>
              </lines>
            </method>
            <method name="(anonymous_10)" hits="6" signature="()V">
              <lines>
                <line number="75" hits="6"/>
              </lines>
            </method>
            <method name="(anonymous_11)" hits="5" signature="()V">
              <lines>
                <line number="84" hits="5"/>
              </lines>
            </method>
            <method name="(anonymous_12)" hits="2" signature="()V">
              <lines>
                <line number="93" hits="2"/>
              </lines>
            </method>
            <method name="(anonymous_13)" hits="2" signature="()V">
              <lines>
                <line number="97" hits="2"/>
              </lines>
            </method>
            <method name="(anonymous_14)" hits="10" signature="()V">
              <lines>
                <line number="101" hits="10"/>
              </lines>
            </method>
            <method name="(anonymous_15)" hits="1" signature="()V">
              <lines>
                <line number="112" hits="1"/>
              </lines>
            </method>
          </methods>
          <lines>
            <line number="28" hits="1" branch="false"/>
            <line number="29" hits="27" branch="false"/>
            <line number="30" hits="27" branch="false"/>
            <line number="31" hits="27" branch="false"/>
            <line number="32" hits="27" branch="false"/>
            <line number="35" hits="27" branch="false"/>
            <line number="36" hits="27" branch="false"/>
            <line number="37" hits="27" branch="false"/>
            <line number="41" hits="3" branch="false"/>
            <line number="42" hits="2" branch="false"/>
            <line number="44" hits="1" branch="false"/>
            <line number="45" hits="1" branch="false"/>
            <line number="51" hits="2" branch="false"/>
            <line number="52" hits="1" branch="false"/>
            <line number="54" hits="1" branch="false"/>
            <line number="55" hits="1" branch="false"/>
            <line number="61" hits="1" branch="false"/>
            <line number="62" hits="1" branch="false"/>
            <line number="67" hits="3" branch="false"/>
            <line number="68" hits="3" branch="true" condition-coverage="100% (1/1)"/>
            <line number="69" hits="2" branch="false"/>
            <line number="70" hits="2" branch="false"/>
            <line number="71" hits="1" branch="true" condition-coverage="50% (1/2)"/>
            <line number="72" hits="1" branch="false"/>
            <line number="76" hits="6" branch="false"/>
            <line number="77" hits="6" branch="true" condition-coverage="100% (1/1)"/>
            <line number="78" hits="5" branch="false"/>
            <line number="79" hits="5" branch="false"/>
            <line number="80" hits="4" branch="true" condition-coverage="66.66666666666666% (2/3)"/>
            <line number="81" hits="1" branch="false"/>
            <line number="85" hits="5" branch="false"/>
            <line number="86" hits="5" branch="true" condition-coverage="100% (1/1)"/>
            <line number="87" hits="4" branch="false"/>
            <line number="88" hits="4" branch="false"/>
            <line number="89" hits="3" branch="true" condition-coverage="50% (1/2)"/>
            <line number="90" hits="1" branch="false"/>
            <line number="94" hits="2" branch="false"/>
            <line number="98" hits="2" branch="false"/>
            <line number="102" hits="10" branch="false"/>
            <line number="103" hits="10" branch="false"/>
            <line number="107" hits="10" branch="true" condition-coverage="100% (2/2)"/>
            <line number="108" hits="10" branch="true" condition-coverage="100% (2/2)"/>
            <line number="109" hits="10" branch="false"/>
            <line number="113" hits="1" branch="false"/>
            <line number="114" hits="1" branch="false"/>
          </lines>
        </class>
        <class name="timezone.service.ts" filename="src\app\core\services\timezone.service.ts" line-rate="1" branch-rate="0.5">
          <methods>
            <method name="(anonymous_0)" hits="2" signature="()V">
              <lines>
                <line number="14" hits="2"/>
              </lines>
            </method>
            <method name="(anonymous_1)" hits="1" signature="()V">
              <lines>
                <line number="20" hits="1"/>
              </lines>
            </method>
            <method name="(anonymous_2)" hits="1" signature="()V">
              <lines>
                <line number="27" hits="1"/>
              </lines>
            </method>
            <method name="(anonymous_3)" hits="1" signature="()V">
              <lines>
                <line number="36" hits="1"/>
              </lines>
            </method>
          </methods>
          <lines>
            <line number="13" hits="1" branch="false"/>
            <line number="15" hits="2" branch="false"/>
            <line number="16" hits="2" branch="false"/>
            <line number="17" hits="2" branch="false"/>
            <line number="21" hits="1" branch="false"/>
            <line number="28" hits="1" branch="true" condition-coverage="50% (1/2)"/>
            <line number="29" hits="1" branch="false"/>
            <line number="30" hits="1" branch="false"/>
            <line number="37" hits="1" branch="false"/>
          </lines>
        </class>
      </classes>
    </package>
    <package name="app.legal" line-rate="1" branch-rate="1">
      <classes>
        <class name="legal.guard.ts" filename="src\app\legal\legal.guard.ts" line-rate="1" branch-rate="1">
          <methods>
            <method name="(anonymous_0)" hits="5" signature="()V">
              <lines>
                <line number="16" hits="5"/>
              </lines>
            </method>
            <method name="(anonymous_1)" hits="5" signature="()V">
              <lines>
                <line number="22" hits="5"/>
              </lines>
            </method>
            <method name="(anonymous_2)" hits="2" signature="()V">
              <lines>
                <line number="33" hits="2"/>
              </lines>
            </method>
            <method name="(anonymous_3)" hits="1" signature="()V">
              <lines>
                <line number="40" hits="1"/>
              </lines>
            </method>
          </methods>
          <lines>
            <line number="15" hits="1" branch="false"/>
            <line number="17" hits="5" branch="false"/>
            <line number="18" hits="5" branch="false"/>
            <line number="19" hits="5" branch="false"/>
            <line number="23" hits="5" branch="true" condition-coverage="100% (1/1)"/>
            <line number="24" hits="1" branch="false"/>
            <line number="28" hits="4" branch="true" condition-coverage="100% (1/1)"/>
            <line number="29" hits="1" branch="false"/>
            <line number="32" hits="3" branch="false"/>
            <line number="34" hits="2" branch="true" condition-coverage="100% (1/1)"/>
            <line number="35" hits="1" branch="false"/>
            <line number="36" hits="1" branch="false"/>
            <line number="38" hits="1" branch="false"/>
            <line number="42" hits="1" branch="false"/>
          </lines>
        </class>
        <class name="legal.service.ts" filename="src\app\legal\legal.service.ts" line-rate="1" branch-rate="1">
          <methods>
            <method name="(anonymous_0)" hits="4" signature="()V">
              <lines>
                <line number="27" hits="4"/>
              </lines>
            </method>
            <method name="(anonymous_1)" hits="2" signature="()V">
              <lines>
                <line number="33" hits="2"/>
              </lines>
            </method>
            <method name="(anonymous_2)" hits="1" signature="()V">
              <lines>
                <line number="37" hits="1"/>
              </lines>
            </method>
            <method name="(anonymous_3)" hits="1" signature="()V">
              <lines>
                <line number="41" hits="1"/>
              </lines>
            </method>
            <method name="(anonymous_4)" hits="1" signature="()V">
              <lines>
                <line number="45" hits="1"/>
              </lines>
            </method>
            <method name="(anonymous_5)" hits="1" signature="()V">
              <lines>
                <line number="49" hits="1"/>
              </lines>
            </method>
          </methods>
          <lines>
            <line number="26" hits="1" branch="false"/>
            <line number="28" hits="4" branch="false"/>
            <line number="29" hits="4" branch="false"/>
            <line number="30" hits="4" branch="false"/>
            <line number="34" hits="2" branch="false"/>
            <line number="38" hits="1" branch="false"/>
            <line number="42" hits="1" branch="false"/>
            <line number="46" hits="1" branch="false"/>
            <line number="50" hits="1" branch="false"/>
          </lines>
        </class>
      </classes>
    </package>
    <package name="app.shared.directives" line-rate="0.9795" branch-rate="0.9259000000000001">
      <classes>
        <class name="keyboard-nav.directive.ts" filename="src\app\shared\directives\keyboard-nav.directive.ts" line-rate="0.9795" branch-rate="0.9259000000000001">
          <methods>
            <method name="(anonymous_0)" hits="17" signature="()V">
              <lines>
                <line number="24" hits="17"/>
              </lines>
            </method>
            <method name="(anonymous_1)" hits="17" signature="()V">
              <lines>
                <line number="26" hits="17"/>
              </lines>
            </method>
            <method name="(anonymous_2)" hits="38" signature="()V">
              <lines>
                <line number="31" hits="38"/>
              </lines>
            </method>
            <method name="(anonymous_3)" hits="18" signature="()V">
              <lines>
                <line number="37" hits="18"/>
              </lines>
            </method>
            <method name="(anonymous_4)" hits="54" signature="()V">
              <lines>
                <line number="38" hits="54"/>
              </lines>
            </method>
            <method name="(anonymous_5)" hits="20" signature="()V">
              <lines>
                <line number="44" hits="20"/>
              </lines>
            </method>
            <method name="(anonymous_6)" hits="17" signature="()V">
              <lines>
                <line number="86" hits="17"/>
              </lines>
            </method>
            <method name="(anonymous_7)" hits="51" signature="()V">
              <lines>
                <line number="88" hits="51"/>
              </lines>
            </method>
            <method name="(anonymous_8)" hits="1" signature="()V">
              <lines>
                <line number="99" hits="1"/>
              </lines>
            </method>
          </methods>
          <lines>
            <line number="16" hits="1" branch="false"/>
            <line number="17" hits="17" branch="false"/>
            <line number="18" hits="17" branch="false"/>
            <line number="19" hits="17" branch="false"/>
            <line number="21" hits="17" branch="false"/>
            <line number="22" hits="17" branch="false"/>
            <line number="24" hits="17" branch="false"/>
            <line number="27" hits="17" branch="false"/>
            <line number="28" hits="17" branch="false"/>
            <line number="32" hits="38" branch="false"/>
            <line number="38" hits="18" branch="false"/>
            <line number="39" hits="54" branch="true" condition-coverage="100% (2/2)"/>
            <line number="45" hits="20" branch="false"/>
            <line number="46" hits="20" branch="true" condition-coverage="0% (0/1)"/>
            <line number="48" hits="20" branch="true" condition-coverage="100% (2/2)"/>
            <line number="49" hits="20" branch="true" condition-coverage="100% (2/2)"/>
            <line number="51" hits="20" branch="true" condition-coverage="100% (1/1)"/>
            <line number="52" hits="4" branch="false"/>
            <line number="53" hits="4" branch="false"/>
            <line number="56" hits="20" branch="false"/>
            <line number="57" hits="20" branch="false"/>
            <line number="59" hits="20" branch="true" condition-coverage="100% (2/2)"/>
            <line number="60" hits="10" branch="false"/>
            <line number="61" hits="10" branch="false"/>
            <line number="62" hits="10" branch="true" condition-coverage="100% (2/2)"/>
            <line number="63" hits="5" branch="true" condition-coverage="100% (2/2)"/>
            <line number="64" hits="5" branch="false"/>
            <line number="65" hits="5" branch="true" condition-coverage="100% (2/2)"/>
            <line number="66" hits="1" branch="false"/>
            <line number="67" hits="1" branch="false"/>
            <line number="68" hits="4" branch="true" condition-coverage="100% (2/2)"/>
            <line number="69" hits="1" branch="false"/>
            <line number="70" hits="1" branch="false"/>
            <line number="71" hits="3" branch="true" condition-coverage="100% (3/3)"/>
            <line number="72" hits="2" branch="true" condition-coverage="100% (1/1)"/>
            <line number="73" hits="2" branch="false"/>
            <line number="75" hits="2" branch="false"/>
            <line number="78" hits="20" branch="true" condition-coverage="100% (1/1)"/>
            <line number="79" hits="19" branch="false"/>
            <line number="80" hits="19" branch="true" condition-coverage="100% (1/1)"/>
            <line number="81" hits="17" branch="false"/>
            <line number="88" hits="17" branch="false"/>
            <line number="89" hits="51" branch="true" condition-coverage="100% (2/2)"/>
            <line number="92" hits="17" branch="false"/>
            <line number="93" hits="17" branch="false"/>
            <line number="100" hits="1" branch="false"/>
            <line number="102" hits="1" branch="true" condition-coverage="0% (0/1)"/>
            <line number="103" hits="0" branch="false"/>
            <line number="105" hits="1" branch="false"/>
          </lines>
        </class>
      </classes>
    </package>
    <package name="app.shared.pipes" line-rate="1" branch-rate="1">
      <classes>
        <class name="markdown.pipe.ts" filename="src\app\shared\pipes\markdown.pipe.ts" line-rate="1" branch-rate="1">
          <methods>
            <method name="(anonymous_0)" hits="7" signature="()V">
              <lines>
                <line number="11" hits="7"/>
              </lines>
            </method>
            <method name="(anonymous_1)" hits="6" signature="()V">
              <lines>
                <line number="13" hits="6"/>
              </lines>
            </method>
          </methods>
          <lines>
            <line number="10" hits="1" branch="false"/>
            <line number="11" hits="7" branch="false"/>
            <line number="14" hits="6" branch="true" condition-coverage="100% (1/1)"/>
            <line number="15" hits="3" branch="false"/>
            <line number="16" hits="3" branch="false"/>
          </lines>
        </class>
      </classes>
    </package>
  </packages>
</coverage>
