TN:
SF:src\app\not-found.component.ts
FNF:0
FNH:0
DA:8,1
LF:1
LH:1
BRF:0
BRH:0
end_of_record
TN:
SF:src\app\auth\auth.guard.ts
FN:7,(anonymous_0)
FN:9,(anonymous_1)
FN:12,(anonymous_2)
FN:16,(anonymous_3)
FNF:4
FNH:4
FNDA:5,(anonymous_0)
FNDA:3,(anonymous_1)
FNDA:2,(anonymous_2)
FNDA:2,(anonymous_3)
DA:6,1
DA:7,5
DA:10,3
DA:11,2
DA:12,2
DA:13,2
DA:17,2
DA:18,1
DA:19,1
LF:9
LH:9
BRDA:10,0,0,1
BRDA:17,1,0,1
BRF:2
BRH:2
end_of_record
TN:
SF:src\app\auth\system-admin.guard.ts
FN:7,(anonymous_0)
FN:9,(anonymous_1)
FN:14,(anonymous_2)
FNF:3
FNH:3
FNDA:4,(anonymous_0)
FNDA:2,(anonymous_1)
FNDA:2,(anonymous_2)
DA:6,1
DA:7,4
DA:10,2
DA:11,1
DA:15,2
DA:16,1
LF:6
LH:6
BRDA:10,0,0,1
BRDA:15,1,0,1
BRF:2
BRH:2
end_of_record
TN:
SF:src\app\core\accessibility.service.ts
FN:19,(anonymous_0)
FN:23,(anonymous_1)
FN:32,(anonymous_2)
FN:52,(anonymous_3)
FN:58,(anonymous_4)
FN:69,(anonymous_5)
FN:90,(anonymous_6)
FN:92,(anonymous_7)
FN:99,(anonymous_8)
FN:104,(anonymous_9)
FN:123,(anonymous_10)
FN:130,(anonymous_11)
FN:155,(anonymous_12)
FN:167,(anonymous_13)
FN:178,(anonymous_14)
FN:186,(anonymous_15)
FN:194,(anonymous_16)
FNF:17
FNH:17
FNDA:33,(anonymous_0)
FNDA:67,(anonymous_1)
FNDA:33,(anonymous_2)
FNDA:5,(anonymous_3)
FNDA:5,(anonymous_4)
FNDA:6,(anonymous_5)
FNDA:2,(anonymous_6)
FNDA:4,(anonymous_7)
FNDA:1,(anonymous_8)
FNDA:1,(anonymous_9)
FNDA:1,(anonymous_10)
FNDA:10,(anonymous_11)
FNDA:24,(anonymous_12)
FNDA:3,(anonymous_13)
FNDA:4,(anonymous_14)
FNDA:6,(anonymous_15)
FNDA:3,(anonymous_16)
DA:15,1
DA:16,33
DA:17,33
DA:19,33
DA:20,33
DA:24,67
DA:25,32
DA:33,33
DA:34,1
DA:35,1
DA:38,32
DA:39,32
DA:40,32
DA:41,32
DA:42,32
DA:43,32
DA:44,32
DA:53,5
DA:55,5
DA:57,5
DA:58,5
DA:59,5
DA:60,5
DA:70,6
DA:72,6
DA:73,2
DA:75,4
DA:78,6
DA:80,5
DA:81,5
DA:83,5
DA:91,2
DA:92,4
DA:100,1
DA:101,1
DA:102,1
DA:104,1
DA:105,1
DA:107,1
DA:108,0
DA:109,0
DA:110,0
DA:113,1
DA:114,0
DA:115,0
DA:120,1
DA:121,1
DA:123,1
DA:131,10
DA:133,10
DA:136,4
DA:137,4
DA:138,4
DA:141,3
DA:142,3
DA:143,3
DA:145,1
DA:146,1
DA:147,1
DA:149,1
DA:150,1
DA:151,1
DA:154,10
DA:155,8
DA:156,24
DA:158,8
DA:161,10
DA:168,3
DA:169,3
DA:170,2
DA:171,2
DA:179,4
DA:187,6
DA:188,5
DA:190,6
DA:191,5
DA:194,6
DA:195,3
DA:196,2
DA:197,2
LF:80
LH:75
BRDA:24,0,0,32
BRDA:24,1,0,67
BRDA:24,1,1,67
BRDA:33,2,0,1
BRDA:52,3,0,4
BRDA:53,4,0,0
BRDA:59,5,0,5
BRDA:72,6,0,2
BRDA:72,6,1,4
BRDA:78,7,0,5
BRDA:80,8,0,5
BRDA:105,9,0,0
BRDA:107,10,0,0
BRDA:107,10,1,1
BRDA:108,11,0,0
BRDA:113,12,0,0
BRDA:133,13,0,3
BRDA:133,13,1,4
BRDA:133,13,2,2
BRDA:133,13,3,3
BRDA:133,13,4,1
BRDA:133,13,5,1
BRDA:142,14,0,1
BRDA:142,14,1,2
BRDA:154,15,0,8
BRDA:154,16,0,10
BRDA:154,16,1,9
BRDA:156,17,0,8
BRDA:156,17,1,16
BRDA:169,18,0,2
BRDA:179,19,0,4
BRDA:179,19,1,1
BRDA:179,19,2,0
BRDA:187,20,0,5
BRDA:190,21,0,5
BRDA:195,22,0,2
BRDA:195,23,0,3
BRDA:195,23,1,2
BRF:38
BRH:32
end_of_record
TN:
SF:src\app\core\api.config.ts
FN:8,(anonymous_0)
FNF:1
FNH:1
FNDA:1,(anonymous_0)
DA:6,1
DA:9,1
DA:11,1
DA:12,1
DA:15,1
DA:16,0
DA:20,1
DA:22,0
LF:8
LH:6
BRDA:9,0,0,1
BRDA:12,1,0,0
BRDA:15,2,0,0
BRDA:15,3,0,1
BRDA:15,3,1,1
BRDA:15,3,2,1
BRF:6
BRH:4
end_of_record
TN:
SF:src\app\core\auth.interceptor.ts
FN:31,(anonymous_0)
FN:33,(anonymous_1)
FN:35,(anonymous_2)
FN:58,(anonymous_3)
FN:63,(anonymous_4)
FNF:5
FNH:5
FNDA:8,(anonymous_0)
FNDA:8,(anonymous_1)
FNDA:7,(anonymous_2)
FNDA:1,(anonymous_3)
FNDA:7,(anonymous_4)
DA:28,1
DA:29,8
DA:31,8
DA:34,8
DA:36,7
DA:40,2
DA:41,2
DA:42,1
DA:50,7
DA:56,1
DA:57,1
DA:58,1
DA:59,1
DA:63,7
LF:14
LH:14
BRDA:36,0,0,2
BRDA:37,1,0,7
BRDA:37,1,1,3
BRDA:41,2,0,1
BRDA:50,3,0,1
BRDA:51,4,0,7
BRDA:51,4,1,3
BRDA:51,4,2,3
BRDA:51,4,3,2
BRF:9
BRH:9
end_of_record
TN:
SF:src\app\core\demo-auth.service.ts
FN:5,(anonymous_0)
FN:10,(anonymous_1)
FN:16,(anonymous_2)
FN:20,(anonymous_3)
FN:26,(anonymous_4)
FN:32,(anonymous_5)
FN:46,(anonymous_6)
FNF:7
FNH:7
FNDA:14,(anonymous_0)
FNDA:4,(anonymous_1)
FNDA:5,(anonymous_2)
FNDA:1,(anonymous_3)
FNDA:7,(anonymous_4)
FNDA:19,(anonymous_5)
FNDA:9,(anonymous_6)
DA:5,1
DA:6,14
DA:7,14
DA:8,14
DA:10,4
DA:17,5
DA:20,1
DA:27,7
DA:28,7
DA:29,6
DA:33,19
DA:34,19
DA:35,3
DA:36,2
DA:37,2
DA:39,1
DA:47,9
DA:48,9
DA:49,9
DA:50,8
DA:51,7
DA:52,6
DA:53,6
DA:55,1
LF:24
LH:24
BRDA:28,0,0,1
BRDA:34,1,0,16
BRDA:35,2,0,2
BRDA:49,3,0,1
BRDA:51,4,0,1
BRF:5
BRH:5
end_of_record
TN:
SF:src\app\core\iso8601.interceptor.ts
FN:19,(anonymous_0)
FN:27,(anonymous_1)
FN:37,(anonymous_2)
FNF:3
FNH:3
FNDA:7,(anonymous_0)
FNDA:8,(anonymous_1)
FNDA:1,(anonymous_2)
DA:18,1
DA:20,7
DA:21,5
DA:22,5
DA:24,2
DA:28,8
DA:29,0
DA:32,8
DA:33,0
DA:36,8
DA:37,1
DA:40,7
DA:41,7
DA:42,7
DA:43,9
DA:44,3
DA:45,6
DA:46,2
DA:48,4
DA:51,7
DA:54,0
LF:21
LH:18
BRDA:20,0,0,5
BRDA:20,1,0,7
BRDA:20,1,1,6
BRDA:20,1,2,6
BRDA:28,2,0,0
BRDA:28,3,0,8
BRDA:28,3,1,8
BRDA:32,4,0,0
BRDA:36,5,0,1
BRDA:40,6,0,7
BRDA:43,7,0,3
BRDA:43,7,1,6
BRDA:45,8,0,2
BRDA:45,8,1,4
BRDA:45,9,0,6
BRDA:45,9,1,3
BRDA:45,9,2,2
BRF:17
BRH:15
end_of_record
TN:
SF:src\app\core\services\domain-color.service.ts
FN:159,(anonymous_0)
FN:164,(anonymous_1)
FN:168,(anonymous_2)
FN:172,(anonymous_3)
FN:176,(anonymous_4)
FN:180,(anonymous_5)
FN:184,(anonymous_6)
FN:188,(anonymous_7)
FNF:8
FNH:8
FNDA:24,(anonymous_0)
FNDA:2,(anonymous_1)
FNDA:2,(anonymous_2)
FNDA:2,(anonymous_3)
FNDA:2,(anonymous_4)
FNDA:2,(anonymous_5)
FNDA:2,(anonymous_6)
FNDA:2,(anonymous_7)
DA:32,1
DA:140,1
DA:157,1
DA:160,24
DA:161,15
DA:165,2
DA:169,2
DA:173,2
DA:177,2
DA:181,2
DA:185,2
DA:189,2
LF:12
LH:12
BRDA:160,0,0,9
BRDA:161,1,0,15
BRDA:161,1,1,1
BRF:3
BRH:3
end_of_record
TN:
SF:src\app\core\services\feedback.service.ts
FN:13,(anonymous_0)
FN:19,(anonymous_1)
FN:24,(anonymous_2)
FNF:3
FNH:3
FNDA:2,(anonymous_0)
FNDA:2,(anonymous_1)
FNDA:2,(anonymous_2)
DA:12,1
DA:14,2
DA:15,2
DA:16,2
DA:20,2
DA:21,2
DA:25,2
LF:7
LH:7
BRDA:21,0,0,1
BRDA:21,0,1,1
BRF:2
BRH:2
end_of_record
TN:
SF:src\app\core\services\tenant.service.ts
FN:34,(anonymous_0)
FN:40,(anonymous_1)
FN:42,(anonymous_2)
FN:43,(anonymous_3)
FN:50,(anonymous_4)
FN:52,(anonymous_5)
FN:53,(anonymous_6)
FN:60,(anonymous_7)
FN:62,(anonymous_8)
FN:66,(anonymous_9)
FN:75,(anonymous_10)
FN:84,(anonymous_11)
FN:93,(anonymous_12)
FN:97,(anonymous_13)
FN:101,(anonymous_14)
FN:112,(anonymous_15)
FNF:16
FNH:16
FNDA:27,(anonymous_0)
FNDA:3,(anonymous_1)
FNDA:2,(anonymous_2)
FNDA:1,(anonymous_3)
FNDA:2,(anonymous_4)
FNDA:1,(anonymous_5)
FNDA:1,(anonymous_6)
FNDA:1,(anonymous_7)
FNDA:1,(anonymous_8)
FNDA:3,(anonymous_9)
FNDA:6,(anonymous_10)
FNDA:5,(anonymous_11)
FNDA:2,(anonymous_12)
FNDA:2,(anonymous_13)
FNDA:10,(anonymous_14)
FNDA:1,(anonymous_15)
DA:28,1
DA:29,27
DA:30,27
DA:31,27
DA:32,27
DA:35,27
DA:36,27
DA:37,27
DA:41,3
DA:42,2
DA:44,1
DA:45,1
DA:51,2
DA:52,1
DA:54,1
DA:55,1
DA:61,1
DA:62,1
DA:67,3
DA:68,3
DA:69,2
DA:70,2
DA:71,1
DA:72,1
DA:76,6
DA:77,6
DA:78,5
DA:79,5
DA:80,4
DA:81,1
DA:85,5
DA:86,5
DA:87,4
DA:88,4
DA:89,3
DA:90,1
DA:94,2
DA:98,2
DA:102,10
DA:103,10
DA:107,10
DA:108,10
DA:109,10
DA:113,1
DA:114,1
LF:45
LH:45
BRDA:68,0,0,1
BRDA:71,1,0,1
BRDA:71,1,1,0
BRDA:77,2,0,1
BRDA:80,3,0,4
BRDA:80,3,1,3
BRDA:80,3,2,0
BRDA:86,4,0,1
BRDA:89,5,0,3
BRDA:89,5,1,0
BRDA:107,6,0,10
BRDA:107,6,1,1
BRDA:108,7,0,10
BRDA:108,7,1,1
BRF:14
BRH:11
end_of_record
TN:
SF:src\app\core\services\timezone.service.ts
FN:14,(anonymous_0)
FN:20,(anonymous_1)
FN:27,(anonymous_2)
FN:36,(anonymous_3)
FNF:4
FNH:4
FNDA:2,(anonymous_0)
FNDA:1,(anonymous_1)
FNDA:1,(anonymous_2)
FNDA:1,(anonymous_3)
DA:13,1
DA:15,2
DA:16,2
DA:17,2
DA:21,1
DA:28,1
DA:29,1
DA:30,1
DA:37,1
LF:9
LH:9
BRDA:28,0,0,1
BRDA:28,0,1,0
BRF:2
BRH:1
end_of_record
TN:
SF:src\app\legal\legal.guard.ts
FN:16,(anonymous_0)
FN:22,(anonymous_1)
FN:33,(anonymous_2)
FN:40,(anonymous_3)
FNF:4
FNH:4
FNDA:5,(anonymous_0)
FNDA:5,(anonymous_1)
FNDA:2,(anonymous_2)
FNDA:1,(anonymous_3)
DA:15,1
DA:17,5
DA:18,5
DA:19,5
DA:23,5
DA:24,1
DA:28,4
DA:29,1
DA:32,3
DA:34,2
DA:35,1
DA:36,1
DA:38,1
DA:42,1
LF:14
LH:14
BRDA:23,0,0,1
BRDA:28,1,0,1
BRDA:34,2,0,1
BRF:3
BRH:3
end_of_record
TN:
SF:src\app\legal\legal.service.ts
FN:27,(anonymous_0)
FN:33,(anonymous_1)
FN:37,(anonymous_2)
FN:41,(anonymous_3)
FN:45,(anonymous_4)
FN:49,(anonymous_5)
FNF:6
FNH:6
FNDA:4,(anonymous_0)
FNDA:2,(anonymous_1)
FNDA:1,(anonymous_2)
FNDA:1,(anonymous_3)
FNDA:1,(anonymous_4)
FNDA:1,(anonymous_5)
DA:26,1
DA:28,4
DA:29,4
DA:30,4
DA:34,2
DA:38,1
DA:42,1
DA:46,1
DA:50,1
LF:9
LH:9
BRF:0
BRH:0
end_of_record
TN:
SF:src\app\shared\directives\keyboard-nav.directive.ts
FN:24,(anonymous_0)
FN:26,(anonymous_1)
FN:31,(anonymous_2)
FN:37,(anonymous_3)
FN:38,(anonymous_4)
FN:44,(anonymous_5)
FN:86,(anonymous_6)
FN:88,(anonymous_7)
FN:99,(anonymous_8)
FNF:9
FNH:9
FNDA:17,(anonymous_0)
FNDA:17,(anonymous_1)
FNDA:38,(anonymous_2)
FNDA:18,(anonymous_3)
FNDA:54,(anonymous_4)
FNDA:20,(anonymous_5)
FNDA:17,(anonymous_6)
FNDA:51,(anonymous_7)
FNDA:1,(anonymous_8)
DA:16,1
DA:17,17
DA:18,17
DA:19,17
DA:21,17
DA:22,17
DA:24,17
DA:27,17
DA:28,17
DA:32,38
DA:38,18
DA:39,54
DA:45,20
DA:46,20
DA:48,20
DA:49,20
DA:51,20
DA:52,4
DA:53,4
DA:56,20
DA:57,20
DA:59,20
DA:60,10
DA:61,10
DA:62,10
DA:63,5
DA:64,5
DA:65,5
DA:66,1
DA:67,1
DA:68,4
DA:69,1
DA:70,1
DA:71,3
DA:72,2
DA:73,2
DA:75,2
DA:78,20
DA:79,19
DA:80,19
DA:81,17
DA:88,17
DA:89,51
DA:92,17
DA:93,17
DA:100,1
DA:102,1
DA:103,0
DA:105,1
LF:49
LH:48
BRDA:39,0,0,18
BRDA:39,0,1,36
BRDA:46,1,0,0
BRDA:48,2,0,3
BRDA:48,2,1,17
BRDA:49,3,0,3
BRDA:49,3,1,17
BRDA:51,4,0,4
BRDA:59,5,0,10
BRDA:59,5,1,10
BRDA:62,6,0,5
BRDA:62,6,1,5
BRDA:63,7,0,3
BRDA:63,7,1,2
BRDA:65,8,0,1
BRDA:65,8,1,4
BRDA:68,9,0,1
BRDA:68,9,1,3
BRDA:71,10,0,2
BRDA:71,11,0,3
BRDA:71,11,1,2
BRDA:72,12,0,2
BRDA:78,13,0,19
BRDA:80,14,0,17
BRDA:89,15,0,17
BRDA:89,15,1,34
BRDA:102,16,0,0
BRF:27
BRH:25
end_of_record
TN:
SF:src\app\shared\pipes\markdown.pipe.ts
FN:11,(anonymous_0)
FN:13,(anonymous_1)
FNF:2
FNH:2
FNDA:7,(anonymous_0)
FNDA:6,(anonymous_1)
DA:10,1
DA:11,7
DA:14,6
DA:15,3
DA:16,3
LF:5
LH:5
BRDA:14,0,0,3
BRF:1
BRH:1
end_of_record
